<?xml version="1.0" encoding="UTF-8"?>
<!-- Generated by org.testng.reporters.JUnitReportReporter -->
<testsuite skipped="0" hostname="DESKTOP-S2RK17E" name="testCases.ReadAllProducts" tests="1" failures="0" timestamp="2022-06-14T14:14:26 CDT" time="3.661" errors="0">
  <testcase name="readOneProduct" time="3.661" classname="testCases.ReadAllProducts"/>
  <system-out/>
</testsuite> <!-- testCases.ReadAllProducts -->
