<?xml version="1.0" encoding="UTF-8"?>
<!-- Generated by org.testng.reporters.JUnitReportReporter -->
<testsuite skipped="0" hostname="DESKTOP-S2RK17E" name="testCases.DeleteProduct" tests="1" failures="0" timestamp="2022-06-14T19:53:03 CDT" time="2.047" errors="0">
  <testcase name="readOneProduct" time="2.047" classname="testCases.DeleteProduct"/>
  <system-out/>
</testsuite> <!-- testCases.DeleteProduct -->
