<?xml version="1.0" encoding="UTF-8"?>
<!-- Generated by org.testng.reporters.JUnitReportReporter -->
<testsuite skipped="0" hostname="DESKTOP-S2RK17E" name="testCases.CreateAProduct" tests="1" failures="0" timestamp="2022-06-14T17:30:07 CDT" time="2.240" errors="0">
  <testcase name="CreatAProduct" time="2.240" classname="testCases.CreateAProduct"/>
  <system-out/>
</testsuite> <!-- testCases.CreateAProduct -->
